0 info it worked if it ends with ok
1 verbose cli [ 'node', '/usr/local/bin/npm', 'install', 'scss-lint', 'gem' ]
2 info using npm@2.4.1
3 info using node@v0.10.36
4 warn package.json cvln@1.0.0 No repository field.
5 silly cache add args [ 'scss-lint', null ]
6 verbose cache add spec scss-lint
7 silly cache add args [ 'gem', null ]
8 verbose cache add spec gem
9 silly cache add parsed spec { raw: 'scss-lint',
9 silly cache add   scope: null,
9 silly cache add   name: 'scss-lint',
9 silly cache add   rawSpec: '',
9 silly cache add   spec: '*',
9 silly cache add   type: 'range' }
10 verbose addNamed scss-lint@*
11 silly addNamed semver.valid null
12 silly addNamed semver.validRange *
13 silly addNameRange { name: 'scss-lint', range: '*', hasData: false }
14 silly mapToRegistry name scss-lint
15 silly mapToRegistry using default registry
16 silly mapToRegistry registry https://registry.npmjs.org/
17 silly mapToRegistry uri https://registry.npmjs.org/scss-lint
18 verbose addNameRange registry:https://registry.npmjs.org/scss-lint not in flight; fetching
19 silly cache add parsed spec { raw: 'gem',
19 silly cache add   scope: null,
19 silly cache add   name: 'gem',
19 silly cache add   rawSpec: '',
19 silly cache add   spec: '*',
19 silly cache add   type: 'range' }
20 verbose addNamed gem@*
21 silly addNamed semver.valid null
22 silly addNamed semver.validRange *
23 silly addNameRange { name: 'gem', range: '*', hasData: false }
24 silly mapToRegistry name gem
25 silly mapToRegistry using default registry
26 silly mapToRegistry registry https://registry.npmjs.org/
27 silly mapToRegistry uri https://registry.npmjs.org/gem
28 verbose addNameRange registry:https://registry.npmjs.org/gem not in flight; fetching
29 verbose request uri https://registry.npmjs.org/scss-lint
30 verbose request no auth needed
31 info attempt registry request try #1 at 13:48:23
32 verbose request id 9eb26d0e5dc83b44
33 http request GET https://registry.npmjs.org/scss-lint
34 verbose request uri https://registry.npmjs.org/gem
35 verbose request no auth needed
36 info attempt registry request try #1 at 13:48:23
37 http request GET https://registry.npmjs.org/gem
38 http 404 https://registry.npmjs.org/scss-lint
39 verbose headers { date: 'Thu, 05 Feb 2015 19:48:23 GMT',
39 verbose headers   server: 'CouchDB/1.5.0 (Erlang OTP/R16B03)',
39 verbose headers   'content-type': 'application/json',
39 verbose headers   'cache-control': 'max-age=0',
39 verbose headers   'content-length': '52',
39 verbose headers   'accept-ranges': 'bytes',
39 verbose headers   via: '1.1 varnish',
39 verbose headers   age: '0',
39 verbose headers   'x-served-by': 'cache-ord1722-ORD',
39 verbose headers   'x-cache': 'MISS',
39 verbose headers   'x-cache-hits': '0',
39 verbose headers   'x-timer': 'S1423165703.311530,VS0,VE32',
39 verbose headers   'keep-alive': 'timeout=10, max=50',
39 verbose headers   connection: 'Keep-Alive' }
40 silly get cb [ 404,
40 silly get   { date: 'Thu, 05 Feb 2015 19:48:23 GMT',
40 silly get     server: 'CouchDB/1.5.0 (Erlang OTP/R16B03)',
40 silly get     'content-type': 'application/json',
40 silly get     'cache-control': 'max-age=0',
40 silly get     'content-length': '52',
40 silly get     'accept-ranges': 'bytes',
40 silly get     via: '1.1 varnish',
40 silly get     age: '0',
40 silly get     'x-served-by': 'cache-ord1722-ORD',
40 silly get     'x-cache': 'MISS',
40 silly get     'x-cache-hits': '0',
40 silly get     'x-timer': 'S1423165703.311530,VS0,VE32',
40 silly get     'keep-alive': 'timeout=10, max=50',
40 silly get     connection: 'Keep-Alive' } ]
41 http 200 https://registry.npmjs.org/gem
42 silly get cb [ 200,
42 silly get   { date: 'Thu, 05 Feb 2015 19:48:23 GMT',
42 silly get     server: 'CouchDB/1.5.0 (Erlang OTP/R16B03)',
42 silly get     etag: '"BRHEHTMKCMINJEO1NLGMSW9XL"',
42 silly get     'content-type': 'application/json',
42 silly get     'cache-control': 'max-age=60',
42 silly get     'content-length': '880',
42 silly get     'accept-ranges': 'bytes',
42 silly get     via: '1.1 varnish',
42 silly get     age: '0',
42 silly get     'x-served-by': 'cache-ord1727-ORD',
42 silly get     'x-cache': 'MISS',
42 silly get     'x-cache-hits': '0',
42 silly get     'x-timer': 'S1423165703.301636,VS0,VE68',
42 silly get     vary: 'Accept',
42 silly get     'keep-alive': 'timeout=10, max=50',
42 silly get     connection: 'Keep-Alive' } ]
43 verbose get saving gem to /Users/freelancer/.npm/registry.npmjs.org/gem/.cache.json
44 silly addNameRange number 2 { name: 'gem', range: '*', hasData: true }
45 silly addNameRange versions [ 'gem', [ '0.0.1' ] ]
46 verbose addNamed gem@0.0.1
47 silly addNamed semver.valid 0.0.1
48 silly addNamed semver.validRange 0.0.1
49 silly mapToRegistry name gem
50 silly mapToRegistry using default registry
51 silly mapToRegistry registry https://registry.npmjs.org/
52 silly mapToRegistry uri https://registry.npmjs.org/gem
53 verbose addRemoteTarball https://registry.npmjs.org/gem/-/gem-0.0.1.tgz not in flight; adding
54 verbose addRemoteTarball [ 'https://registry.npmjs.org/gem/-/gem-0.0.1.tgz',
54 verbose addRemoteTarball   '2f6a7772cf31f483ca0f633e0481f4ca5e137351' ]
55 info retry fetch attempt 1 at 13:48:23
56 info attempt registry request try #1 at 13:48:23
57 http fetch GET https://registry.npmjs.org/gem/-/gem-0.0.1.tgz
58 http fetch 200 https://registry.npmjs.org/gem/-/gem-0.0.1.tgz
59 silly fetchAndShaCheck shasum 2f6a7772cf31f483ca0f633e0481f4ca5e137351
60 verbose addTmpTarball /var/folders/9z/vbbgj61n7lgdf77lvcphb4gm0000gq/T/npm-29634-5dcee74f/registry.npmjs.org/gem/-/gem-0.0.1.tgz not in flight; adding
61 verbose addTmpTarball already have metadata; skipping unpack for gem@0.0.1
62 silly cache afterAdd gem@0.0.1
63 verbose afterAdd /Users/freelancer/.npm/gem/0.0.1/package/package.json not in flight; writing
64 verbose afterAdd /Users/freelancer/.npm/gem/0.0.1/package/package.json written
65 verbose stack Error: 404 Not Found: scss-lint
65 verbose stack     at CachingRegistryClient.<anonymous> (/usr/local/lib/node_modules/npm/node_modules/npm-registry-client/lib/request.js:251:14)
65 verbose stack     at Request._callback (/usr/local/lib/node_modules/npm/node_modules/npm-registry-client/lib/request.js:178:14)
65 verbose stack     at Request.self.callback (/usr/local/lib/node_modules/npm/node_modules/npm-registry-client/node_modules/request/request.js:344:22)
65 verbose stack     at Request.emit (events.js:98:17)
65 verbose stack     at Request.<anonymous> (/usr/local/lib/node_modules/npm/node_modules/npm-registry-client/node_modules/request/request.js:1239:14)
65 verbose stack     at Request.emit (events.js:117:20)
65 verbose stack     at IncomingMessage.<anonymous> (/usr/local/lib/node_modules/npm/node_modules/npm-registry-client/node_modules/request/request.js:1187:12)
65 verbose stack     at IncomingMessage.emit (events.js:117:20)
65 verbose stack     at _stream_readable.js:944:16
65 verbose stack     at process._tickCallback (node.js:442:13)
66 verbose statusCode 404
67 verbose pkgid scss-lint
68 verbose cwd /Users/freelancer/Desktop/civilianagency.com
69 error Darwin 13.4.0
70 error argv "node" "/usr/local/bin/npm" "install" "scss-lint" "gem"
71 error node v0.10.36
72 error npm  v2.4.1
73 error code E404
74 error 404 Not Found: scss-lint
74 error 404
74 error 404 'scss-lint' is not in the npm registry.
74 error 404 You should bug the author to publish it (or use the name yourself!)
74 error 404 It was specified as a dependency of 'cvln'
74 error 404
74 error 404 Note that you can also install from a
74 error 404 tarball, folder, http url, or git url.
75 verbose exit [ 1, true ]
